<?xml version="1.0" encoding="UTF-8" ?>
<testsuite errors="0" failures="0" hostname="LT004109" name="nl.naturalis.nda.ejb.service.SpecimenServiceTest" skipped="0" tests="3" time="0.529" timestamp="2015-02-04T14:41:52">
  <properties>
[...]
</properties>
  <testcase classname="nl.naturalis.nda.ejb.service.SpecimenServiceTest" name="test" time="0.002" />
  <testcase classname="nl.naturalis.nda.ejb.service.SpecimenServiceTest" name="test2" time="0.0" />
  <testcase classname="nl.naturalis.nda.ejb.service.SpecimenServiceTest" name="test3" time="0.0" />
  <system-out><![CDATA[]]></system-out>
  <system-err><![CDATA[]]></system-err>
</testsuite>
