# JRE version: OpenJDK Runtime Environment (8.0_121-b13) (build 1.8.0_121-8u121-b13-0ubuntu1.16.04.2-b13)
# Java VM: OpenJDK 64-Bit Server VM (25.121-b13 mixed mode linux-amd64 compressed oops)
Heap:
 PSYoungGen      total 108032K, used 5115K [0x00000000d6a00000, 0x00000000df400000, 0x0000000100000000)
  eden space 102912K, 0% used [0x00000000d6a00000,0x00000000d6a00000,0x00000000dce80000)
  from space 5120K, 99% used [0x00000000dea00000,0x00000000deefec88,0x00000000def00000)
  to   space 5120K, 0% used [0x00000000def00000,0x00000000def00000,0x00000000df400000)
 ParOldGen       total 161280K, used 147418K [0x0000000083e00000, 0x000000008db80000, 0x00000000d6a00000)
  object space 161280K, 91% used [0x0000000083e00000,0x000000008cdf6bc8,0x000000008db80000)
 Metaspace       used 33133K, capacity 34066K, committed 34304K, reserved 1079296K
  class space    used 4180K, capacity 4560K, committed 4608K, reserved 1048576K
GC Heap History (10 events):
Event: 0,487 GC heap after
Heap after GC invocations=1 (full 0):
 PSYoungGen      total 37888K, used 3641K [0x00000000d6a00000, 0x00000000db400000, 0x0000000100000000)
  eden space 32768K, 0% used [0x00000000d6a00000,0x00000000d6a00000,0x00000000d8a00000)
  from space 5120K, 71% used [0x00000000d8a00000,0x00000000d8d8e678,0x00000000d8f00000)
  to   space 5120K, 0% used [0x00000000daf00000,0x00000000daf00000,0x00000000db400000)
 ParOldGen       total 86016K, used 8K [0x0000000083e00000, 0x0000000089200000, 0x00000000d6a00000)
  object space 86016K, 0% used [0x0000000083e00000,0x0000000083e02000,0x0000000089200000)
 Metaspace       used 6169K, capacity 6604K, committed 6656K, reserved 1056768K
  class space    used 729K, capacity 754K, committed 768K, reserved 1048576K
}
Event: 0,829 GC heap before
{Heap before GC invocations=2 (full 0):
 PSYoungGen      total 37888K, used 36409K [0x00000000d6a00000, 0x00000000db400000, 0x0000000100000000)
  eden space 32768K, 100% used [0x00000000d6a00000,0x00000000d8a00000,0x00000000d8a00000)
  from space 5120K, 71% used [0x00000000d8a00000,0x00000000d8d8e678,0x00000000d8f00000)
  to   space 5120K, 0% used [0x00000000daf00000,0x00000000daf00000,0x00000000db400000)
 ParOldGen       total 86016K, used 8K [0x0000000083e00000, 0x0000000089200000, 0x00000000d6a00000)
  object space 86016K, 0% used [0x0000000083e00000,0x0000000083e02000,0x0000000089200000)
 Metaspace       used 13782K, capacity 13902K, committed 13952K, reserved 1060864K
  class space    used 1595K, capacity 1658K, committed 1664K, reserved 1048576K
Event: 0,840 GC heap after
Heap after GC invocations=2 (full 0):
 PSYoungGen      total 70656K, used 5114K [0x00000000d6a00000, 0x00000000db400000, 0x0000000100000000)
  eden space 65536K, 0% used [0x00000000d6a00000,0x00000000d6a00000,0x00000000daa00000)
  from space 5120K, 99% used [0x00000000daf00000,0x00000000db3fe9a8,0x00000000db400000)
  to   space 5120K, 0% used [0x00000000daa00000,0x00000000daa00000,0x00000000daf00000)
 ParOldGen       total 86016K, used 1576K [0x0000000083e00000, 0x0000000089200000, 0x00000000d6a00000)
  object space 86016K, 1% used [0x0000000083e00000,0x0000000083f8a3b8,0x0000000089200000)
 Metaspace       used 13782K, capacity 13902K, committed 13952K, reserved 1060864K
  class space    used 1595K, capacity 1658K, committed 1664K, reserved 1048576K
}
Event: 1,310 GC heap before
{Heap before GC invocations=3 (full 0):
 PSYoungGen      total 70656K, used 48291K [0x00000000d6a00000, 0x00000000db400000, 0x0000000100000000)
  eden space 65536K, 65% used [0x00000000d6a00000,0x00000000d942a3a8,0x00000000daa00000)
  from space 5120K, 99% used [0x00000000daf00000,0x00000000db3fe9a8,0x00000000db400000)
  to   space 5120K, 0% used [0x00000000daa00000,0x00000000daa00000,0x00000000daf00000)
 ParOldGen       total 86016K, used 1576K [0x0000000083e00000, 0x0000000089200000, 0x00000000d6a00000)
  object space 86016K, 1% used [0x0000000083e00000,0x0000000083f8a3b8,0x0000000089200000)
 Metaspace       used 20692K, capacity 21182K, committed 21296K, reserved 1069056K
  class space    used 2471K, capacity 2652K, committed 2688K, reserved 1048576K
Event: 1,322 GC heap after
Heap after GC invocations=3 (full 0):
 PSYoungGen      total 70656K, used 5109K [0x00000000d6a00000, 0x00000000df400000, 0x0000000100000000)
  eden space 65536K, 0% used [0x00000000d6a00000,0x00000000d6a00000,0x00000000daa00000)
  from space 5120K, 99% used [0x00000000daa00000,0x00000000daefd768,0x00000000daf00000)
  to   space 5120K, 0% used [0x00000000def00000,0x00000000def00000,0x00000000df400000)
 ParOldGen       total 86016K, used 5504K [0x0000000083e00000, 0x0000000089200000, 0x00000000d6a00000)
  object space 86016K, 6% used [0x0000000083e00000,0x0000000084360110,0x0000000089200000)
 Metaspace       used 20692K, capacity 21182K, committed 21296K, reserved 1069056K
  class space    used 2471K, capacity 2652K, committed 2688K, reserved 1048576K
}
Event: 1,322 GC heap before
{Heap before GC invocations=4 (full 1):
 PSYoungGen      total 70656K, used 5109K [0x00000000d6a00000, 0x00000000df400000, 0x0000000100000000)
  eden space 65536K, 0% used [0x00000000d6a00000,0x00000000d6a00000,0x00000000daa00000)
  from space 5120K, 99% used [0x00000000daa00000,0x00000000daefd768,0x00000000daf00000)
  to   space 5120K, 0% used [0x00000000def00000,0x00000000def00000,0x00000000df400000)
 ParOldGen       total 86016K, used 5504K [0x0000000083e00000, 0x0000000089200000, 0x00000000d6a00000)
  object space 86016K, 6% used [0x0000000083e00000,0x0000000084360110,0x0000000089200000)
 Metaspace       used 20692K, capacity 21182K, committed 21296K, reserved 1069056K
  class space    used 2471K, capacity 2652K, committed 2688K, reserved 1048576K
Event: 1,346 GC heap after
Heap after GC invocations=4 (full 1):
 PSYoungGen      total 70656K, used 0K [0x00000000d6a00000, 0x00000000df400000, 0x0000000100000000)
  eden space 65536K, 0% used [0x00000000d6a00000,0x00000000d6a00000,0x00000000daa00000)
  from space 5120K, 0% used [0x00000000daa00000,0x00000000daa00000,0x00000000daf00000)
  to   space 5120K, 0% used [0x00000000def00000,0x00000000def00000,0x00000000df400000)
 ParOldGen       total 59904K, used 8696K [0x0000000083e00000, 0x0000000087880000, 0x00000000d6a00000)
  object space 59904K, 14% used [0x0000000083e00000,0x000000008467e330,0x0000000087880000)
 Metaspace       used 20692K, capacity 21182K, committed 21296K, reserved 1069056K
  class space    used 2471K, capacity 2652K, committed 2688K, reserved 1048576K
}
Event: 1,932 GC heap before
{Heap before GC invocations=5 (full 1):
 PSYoungGen      total 70656K, used 65536K [0x00000000d6a00000, 0x00000000df400000, 0x0000000100000000)
  eden space 65536K, 100% used [0x00000000d6a00000,0x00000000daa00000,0x00000000daa00000)
  from space 5120K, 0% used [0x00000000daa00000,0x00000000daa00000,0x00000000daf00000)
  to   space 5120K, 0% used [0x00000000def00000,0x00000000def00000,0x00000000df400000)
 ParOldGen       total 59904K, used 8696K [0x0000000083e00000, 0x0000000087880000, 0x00000000d6a00000)
  object space 59904K, 14% used [0x0000000083e00000,0x000000008467e330,0x0000000087880000)
 Metaspace       used 30014K, capacity 30930K, committed 31104K, reserved 1077248K
  class space    used 3758K, capacity 4118K, committed 4224K, reserved 1048576K
Event: 1,941 GC heap after
Heap after GC invocations=5 (full 1):
 PSYoungGen      total 108032K, used 5096K [0x00000000d6a00000, 0x00000000df400000, 0x0000000100000000)
  eden space 102912K, 0% used [0x00000000d6a00000,0x00000000d6a00000,0x00000000dce80000)
  from space 5120K, 99% used [0x00000000def00000,0x00000000df3fa290,0x00000000df400000)
  to   space 5120K, 0% used [0x00000000dea00000,0x00000000dea00000,0x00000000def00000)
 ParOldGen       total 59904K, used 14692K [0x0000000083e00000, 0x0000000087880000, 0x00000000d6a00000)
  object space 59904K, 24% used [0x0000000083e00000,0x0000000084c591a0,0x0000000087880000)
 Metaspace       used 30014K, capacity 30930K, committed 31104K, reserved 1077248K
  class space    used 3758K, capacity 4118K, committed 4224K, reserved 1048576K
}
Event: 2,325 GC heap before
{Heap before GC invocations=6 (full 1):
 PSYoungGen      total 108032K, used 104196K [0x00000000d6a00000, 0x00000000df400000, 0x0000000100000000)
  eden space 102912K, 96% used [0x00000000d6a00000,0x00000000dcac6ed0,0x00000000dce80000)
  from space 5120K, 99% used [0x00000000def00000,0x00000000df3fa290,0x00000000df400000)
  to   space 5120K, 0% used [0x00000000dea00000,0x00000000dea00000,0x00000000def00000)
 ParOldGen       total 59904K, used 14692K [0x0000000083e00000, 0x0000000087880000, 0x00000000d6a00000)
  object space 59904K, 24% used [0x0000000083e00000,0x0000000084c591a0,0x0000000087880000)
 Metaspace       used 33133K, capacity 34066K, committed 34304K, reserved 1079296K
  class space    used 4180K, capacity 4560K, committed 4608K, reserved 1048576K

