# JRE version: Java(TM) SE Runtime Environment (8.0_66-b17) (build 1.8.0_66-b17)
# Java VM: Java HotSpot(TM) 64-Bit Server VM (25.66-b17 mixed mode linux-amd64 compressed oops)
Heap:
 PSYoungGen      total 450048K, used 98695K [0x00000000d6a00000, 0x0000000100000000, 0x0000000100000000)
  eden space 226304K, 0% used [0x00000000d6a00000,0x00000000d6a00000,0x00000000e4700000)
  from space 223744K, 44% used [0x00000000f2580000,0x00000000f85e1d48,0x0000000100000000)
  to   space 225792K, 0% used [0x00000000e4700000,0x00000000e4700000,0x00000000f2380000)
 ParOldGen       total 614400K, used 614272K [0x0000000083e00000, 0x00000000a9600000, 0x00000000d6a00000)
  object space 614400K, 99% used [0x0000000083e00000,0x00000000a95e0390,0x00000000a9600000)
 Metaspace       used 22931K, capacity 23086K, committed 23552K, reserved 1069056K
  class space    used 2942K, capacity 2986K, committed 3072K, reserved 1048576K
GC Heap History (10 events):
Event: 6,715 GC heap after
Heap after GC invocations=10 (full 3):
 PSYoungGen      total 276480K, used 77727K [0x00000000d6a00000, 0x00000000fb200000, 0x0000000100000000)
  eden space 196608K, 0% used [0x00000000d6a00000,0x00000000d6a00000,0x00000000e2a00000)
  from space 79872K, 97% used [0x00000000e2a00000,0x00000000e75e7f58,0x00000000e7800000)
  to   space 143872K, 0% used [0x00000000f2580000,0x00000000f2580000,0x00000000fb200000)
 ParOldGen       total 370688K, used 191118K [0x0000000083e00000, 0x000000009a800000, 0x00000000d6a00000)
  object space 370688K, 51% used [0x0000000083e00000,0x000000008f8a3bc8,0x000000009a800000)
 Metaspace       used 22931K, capacity 23086K, committed 23552K, reserved 1069056K
  class space    used 2942K, capacity 2986K, committed 3072K, reserved 1048576K
}
Event: 7,492 GC heap before
{Heap before GC invocations=11 (full 3):
 PSYoungGen      total 276480K, used 274335K [0x00000000d6a00000, 0x00000000fb200000, 0x0000000100000000)
  eden space 196608K, 100% used [0x00000000d6a00000,0x00000000e2a00000,0x00000000e2a00000)
  from space 79872K, 97% used [0x00000000e2a00000,0x00000000e75e7f58,0x00000000e7800000)
  to   space 143872K, 0% used [0x00000000f2580000,0x00000000f2580000,0x00000000fb200000)
 ParOldGen       total 370688K, used 191118K [0x0000000083e00000, 0x000000009a800000, 0x00000000d6a00000)
  object space 370688K, 51% used [0x0000000083e00000,0x000000008f8a3bc8,0x000000009a800000)
 Metaspace       used 22931K, capacity 23086K, committed 23552K, reserved 1069056K
  class space    used 2942K, capacity 2986K, committed 3072K, reserved 1048576K
Event: 7,816 GC heap after
Heap after GC invocations=11 (full 3):
 PSYoungGen      total 399360K, used 143872K [0x00000000d6a00000, 0x00000000fff80000, 0x0000000100000000)
  eden space 255488K, 0% used [0x00000000d6a00000,0x00000000d6a00000,0x00000000e6380000)
  from space 143872K, 100% used [0x00000000f2580000,0x00000000fb200000,0x00000000fb200000)
  to   space 198656K, 0% used [0x00000000e6380000,0x00000000e6380000,0x00000000f2580000)
 ParOldGen       total 370688K, used 247118K [0x0000000083e00000, 0x000000009a800000, 0x00000000d6a00000)
  object space 370688K, 66% used [0x0000000083e00000,0x0000000092f53bc8,0x000000009a800000)
 Metaspace       used 22931K, capacity 23086K, committed 23552K, reserved 1069056K
  class space    used 2942K, capacity 2986K, committed 3072K, reserved 1048576K
}
Event: 8,726 GC heap before
{Heap before GC invocations=12 (full 3):
 PSYoungGen      total 399360K, used 399360K [0x00000000d6a00000, 0x00000000fff80000, 0x0000000100000000)
  eden space 255488K, 100% used [0x00000000d6a00000,0x00000000e6380000,0x00000000e6380000)
  from space 143872K, 100% used [0x00000000f2580000,0x00000000fb200000,0x00000000fb200000)
  to   space 198656K, 0% used [0x00000000e6380000,0x00000000e6380000,0x00000000f2580000)
 ParOldGen       total 370688K, used 247118K [0x0000000083e00000, 0x000000009a800000, 0x00000000d6a00000)
  object space 370688K, 66% used [0x0000000083e00000,0x0000000092f53bc8,0x000000009a800000)
 Metaspace       used 22931K, capacity 23086K, committed 23552K, reserved 1069056K
  class space    used 2942K, capacity 2986K, committed 3072K, reserved 1048576K
Event: 9,116 GC heap after
Heap after GC invocations=12 (full 3):
 PSYoungGen      total 454144K, used 198656K [0x00000000d6a00000, 0x0000000100000000, 0x0000000100000000)
  eden space 255488K, 0% used [0x00000000d6a00000,0x00000000d6a00000,0x00000000e6380000)
  from space 198656K, 100% used [0x00000000e6380000,0x00000000f2580000,0x00000000f2580000)
  to   space 223744K, 0% used [0x00000000f2580000,0x00000000f2580000,0x0000000100000000)
 ParOldGen       total 370688K, used 351854K [0x0000000083e00000, 0x000000009a800000, 0x00000000d6a00000)
  object space 370688K, 94% used [0x0000000083e00000,0x000000009959bbc8,0x000000009a800000)
 Metaspace       used 22931K, capacity 23086K, committed 23552K, reserved 1069056K
  class space    used 2942K, capacity 2986K, committed 3072K, reserved 1048576K
}
Event: 9,116 GC heap before
{Heap before GC invocations=13 (full 4):
 PSYoungGen      total 454144K, used 198656K [0x00000000d6a00000, 0x0000000100000000, 0x0000000100000000)
  eden space 255488K, 0% used [0x00000000d6a00000,0x00000000d6a00000,0x00000000e6380000)
  from space 198656K, 100% used [0x00000000e6380000,0x00000000f2580000,0x00000000f2580000)
  to   space 223744K, 0% used [0x00000000f2580000,0x00000000f2580000,0x0000000100000000)
 ParOldGen       total 370688K, used 351854K [0x0000000083e00000, 0x000000009a800000, 0x00000000d6a00000)
  object space 370688K, 94% used [0x0000000083e00000,0x000000009959bbc8,0x000000009a800000)
 Metaspace       used 22931K, capacity 23086K, committed 23552K, reserved 1069056K
  class space    used 2942K, capacity 2986K, committed 3072K, reserved 1048576K
Event: 10,833 GC heap after
Heap after GC invocations=13 (full 4):
 PSYoungGen      total 454144K, used 178971K [0x00000000d6a00000, 0x0000000100000000, 0x0000000100000000)
  eden space 255488K, 0% used [0x00000000d6a00000,0x00000000d6a00000,0x00000000e6380000)
  from space 198656K, 90% used [0x00000000e6380000,0x00000000f1246cd8,0x00000000f2580000)
  to   space 223744K, 0% used [0x00000000f2580000,0x00000000f2580000,0x0000000100000000)
 ParOldGen       total 614400K, used 370664K [0x0000000083e00000, 0x00000000a9600000, 0x00000000d6a00000)
  object space 614400K, 60% used [0x0000000083e00000,0x000000009a7fa050,0x00000000a9600000)
 Metaspace       used 22931K, capacity 23086K, committed 23552K, reserved 1069056K
  class space    used 2942K, capacity 2986K, committed 3072K, reserved 1048576K
}
Event: 11,686 GC heap before
{Heap before GC invocations=14 (full 4):
 PSYoungGen      total 454144K, used 434459K [0x00000000d6a00000, 0x0000000100000000, 0x0000000100000000)
  eden space 255488K, 100% used [0x00000000d6a00000,0x00000000e6380000,0x00000000e6380000)
  from space 198656K, 90% used [0x00000000e6380000,0x00000000f1246cd8,0x00000000f2580000)
  to   space 223744K, 0% used [0x00000000f2580000,0x00000000f2580000,0x0000000100000000)
 ParOldGen       total 614400K, used 370664K [0x0000000083e00000, 0x00000000a9600000, 0x00000000d6a00000)
  object space 614400K, 60% used [0x0000000083e00000,0x000000009a7fa050,0x00000000a9600000)
 Metaspace       used 22931K, capacity 23086K, committed 23552K, reserved 1069056K
  class space    used 2942K, capacity 2986K, committed 3072K, reserved 1048576K
Event: 11,942 GC heap after
Heap after GC invocations=14 (full 4):
 PSYoungGen      total 450048K, used 223744K [0x00000000d6a00000, 0x0000000100000000, 0x0000000100000000)
  eden space 226304K, 0% used [0x00000000d6a00000,0x00000000d6a00000,0x00000000e4700000)
  from space 223744K, 100% used [0x00000000f2580000,0x0000000100000000,0x0000000100000000)
  to   space 225792K, 0% used [0x00000000e4700000,0x00000000e4700000,0x00000000f2380000)
 ParOldGen       total 614400K, used 489944K [0x0000000083e00000, 0x00000000a9600000, 0x00000000d6a00000)
  object space 614400K, 79% used [0x0000000083e00000,0x00000000a1c76050,0x00000000a9600000)
 Metaspace       used 22931K, capacity 23086K, committed 23552K, reserved 1069056K
  class space    used 2942K, capacity 2986K, committed 3072K, reserved 1048576K
}
Event: 11,942 GC heap before
{Heap before GC invocations=15 (full 5):
 PSYoungGen      total 450048K, used 223744K [0x00000000d6a00000, 0x0000000100000000, 0x0000000100000000)
  eden space 226304K, 0% used [0x00000000d6a00000,0x00000000d6a00000,0x00000000e4700000)
  from space 223744K, 100% used [0x00000000f2580000,0x0000000100000000,0x0000000100000000)
  to   space 225792K, 0% used [0x00000000e4700000,0x00000000e4700000,0x00000000f2380000)
 ParOldGen       total 614400K, used 489944K [0x0000000083e00000, 0x00000000a9600000, 0x00000000d6a00000)
  object space 614400K, 79% used [0x0000000083e00000,0x00000000a1c76050,0x00000000a9600000)
 Metaspace       used 22931K, capacity 23086K, committed 23552K, reserved 1069056K
  class space    used 2942K, capacity 2986K, committed 3072K, reserved 1048576K

